2013-08-05 18:19:23,672 - DEBUG - reloading keys from keys.dat file
2013-08-05 18:19:23,672 - WARNING - Keyfile had insecure permissions, but there were no enabled keys.
2013-08-05 18:19:23,673 - INFO - Keyfile permissions automatically fixed.
2013-08-05 18:19:23,673 - DEBUG - reloading subscriptions...
2013-08-05 18:20:35,420 - INFO - finished opening knownnodes.dat. Now pickle.dump
2013-08-05 18:20:35,457 - INFO - Completed pickle.dump. Closing output...
2013-08-05 18:20:35,457 - INFO - Finished closing knownnodes.dat output file.
2013-08-05 18:20:35,458 - INFO - Flushing inventory in memory out to disk...
2013-08-05 18:20:36,021 - INFO - Finished flushing inventory.
2013-08-05 18:20:36,272 - INFO - Clean shutdown complete.
2013-08-05 18:20:38,603 - DEBUG - reloading keys from keys.dat file
2013-08-05 18:20:38,603 - DEBUG - reloading subscriptions...
2013-08-05 18:20:42,654 - INFO - finished opening knownnodes.dat. Now pickle.dump
2013-08-05 18:20:42,694 - INFO - Completed pickle.dump. Closing output...
2013-08-05 18:20:42,694 - INFO - Finished closing knownnodes.dat output file.
2013-08-05 18:20:42,695 - INFO - Flushing inventory in memory out to disk...
2013-08-05 18:20:42,695 - INFO - Finished flushing inventory.
2013-08-05 18:20:42,946 - INFO - Clean shutdown complete.
2013-08-05 18:20:54,298 - DEBUG - reloading keys from keys.dat file
2013-08-05 18:20:54,298 - DEBUG - reloading subscriptions...
2013-08-05 18:21:00,788 - INFO - finished opening knownnodes.dat. Now pickle.dump
2013-08-05 18:21:00,815 - INFO - Completed pickle.dump. Closing output...
2013-08-05 18:21:00,815 - INFO - Finished closing knownnodes.dat output file.
2013-08-05 18:21:00,815 - INFO - Flushing inventory in memory out to disk...
2013-08-05 18:21:00,817 - INFO - Finished flushing inventory.
2013-08-05 18:21:01,067 - INFO - Clean shutdown complete.
2013-08-05 18:43:46,650 - DEBUG - reloading keys from keys.dat file
2013-08-05 18:43:46,650 - DEBUG - reloading subscriptions...
2013-08-05 18:51:11,912 - DEBUG - reloading keys from keys.dat file
2013-08-05 18:51:11,912 - DEBUG - reloading subscriptions...
2013-08-05 18:51:30,456 - INFO - finished opening knownnodes.dat. Now pickle.dump
2013-08-05 18:51:30,524 - INFO - Completed pickle.dump. Closing output...
2013-08-05 18:51:30,525 - INFO - Finished closing knownnodes.dat output file.
2013-08-05 18:51:30,525 - INFO - Flushing inventory in memory out to disk...
2013-08-05 18:51:30,931 - INFO - Finished flushing inventory.
2013-08-05 18:51:31,182 - INFO - Clean shutdown complete.
2013-08-05 18:53:23,328 - DEBUG - reloading keys from keys.dat file
2013-08-05 18:53:23,329 - DEBUG - reloading subscriptions...
2013-08-05 18:53:26,521 - INFO - finished opening knownnodes.dat. Now pickle.dump
2013-08-05 18:53:26,605 - INFO - Completed pickle.dump. Closing output...
2013-08-05 18:53:26,606 - INFO - Finished closing knownnodes.dat output file.
2013-08-05 18:53:26,606 - INFO - Flushing inventory in memory out to disk...
2013-08-05 18:53:26,606 - INFO - Finished flushing inventory.
2013-08-05 18:53:26,857 - INFO - Clean shutdown complete.
2013-08-05 18:53:36,144 - DEBUG - reloading keys from keys.dat file
2013-08-05 18:53:36,144 - DEBUG - reloading subscriptions...
2013-08-05 18:53:42,127 - INFO - finished opening knownnodes.dat. Now pickle.dump
2013-08-05 18:53:42,206 - INFO - Completed pickle.dump. Closing output...
2013-08-05 18:53:42,207 - INFO - Finished closing knownnodes.dat output file.
2013-08-05 18:53:42,207 - INFO - Flushing inventory in memory out to disk...
2013-08-05 18:53:42,500 - INFO - Finished flushing inventory.
2013-08-05 18:53:42,751 - INFO - Clean shutdown complete.
2013-08-05 18:54:07,908 - DEBUG - reloading keys from keys.dat file
2013-08-05 18:54:07,909 - DEBUG - reloading subscriptions...
2013-08-05 18:55:08,249 - INFO - finished opening knownnodes.dat. Now pickle.dump
2013-08-05 18:55:08,349 - INFO - Completed pickle.dump. Closing output...
2013-08-05 18:55:08,349 - INFO - Finished closing knownnodes.dat output file.
2013-08-05 18:55:08,350 - INFO - Flushing inventory in memory out to disk...
2013-08-05 18:55:08,823 - INFO - Finished flushing inventory.
2013-08-05 18:55:09,074 - INFO - Clean shutdown complete.
2013-08-05 19:22:58,450 - DEBUG - reloading keys from keys.dat file
2013-08-05 19:22:58,451 - DEBUG - reloading subscriptions...
2013-08-05 19:23:40,443 - DEBUG - reloading keys from keys.dat file
2013-08-05 19:23:40,444 - DEBUG - reloading subscriptions...
2013-08-05 19:23:42,871 - INFO - finished opening knownnodes.dat. Now pickle.dump
2013-08-05 19:23:42,950 - INFO - Completed pickle.dump. Closing output...
2013-08-05 19:23:42,951 - INFO - Finished closing knownnodes.dat output file.
2013-08-05 19:23:42,951 - INFO - Flushing inventory in memory out to disk...
2013-08-05 19:23:42,951 - INFO - Finished flushing inventory.
2013-08-05 19:23:43,202 - INFO - Clean shutdown complete.
2013-08-05 19:23:49,976 - DEBUG - reloading keys from keys.dat file
2013-08-05 19:23:49,977 - DEBUG - reloading subscriptions...
2013-08-05 19:23:56,271 - INFO - finished opening knownnodes.dat. Now pickle.dump
2013-08-05 19:23:56,312 - INFO - Completed pickle.dump. Closing output...
2013-08-05 19:23:56,312 - INFO - Finished closing knownnodes.dat output file.
2013-08-05 19:23:56,312 - INFO - Flushing inventory in memory out to disk...
2013-08-05 19:23:56,548 - INFO - Finished flushing inventory.
2013-08-05 19:23:56,799 - INFO - Clean shutdown complete.
2013-08-05 19:32:24,472 - DEBUG - reloading keys from keys.dat file
2013-08-05 19:32:24,472 - DEBUG - reloading subscriptions...
2013-08-05 23:00:58,053 - DEBUG - reloading keys from keys.dat file
2013-08-05 23:00:58,053 - DEBUG - reloading subscriptions...
2013-08-05 23:00:59,102 - INFO - finished opening knownnodes.dat. Now pickle.dump
2013-08-05 23:00:59,165 - INFO - Completed pickle.dump. Closing output...
2013-08-05 23:00:59,167 - INFO - Finished closing knownnodes.dat output file.
2013-08-05 23:00:59,168 - INFO - Flushing inventory in memory out to disk...
2013-08-05 23:00:59,169 - INFO - Finished flushing inventory.
2013-08-05 23:00:59,420 - INFO - Clean shutdown complete.
2013-08-05 23:01:18,948 - DEBUG - reloading keys from keys.dat file
2013-08-05 23:01:18,948 - DEBUG - reloading subscriptions...
2013-08-05 23:01:31,926 - INFO - finished opening knownnodes.dat. Now pickle.dump
2013-08-05 23:01:31,962 - INFO - Completed pickle.dump. Closing output...
2013-08-05 23:01:31,962 - INFO - Finished closing knownnodes.dat output file.
2013-08-05 23:01:31,963 - INFO - Flushing inventory in memory out to disk...
2013-08-05 23:01:32,261 - INFO - Finished flushing inventory.
2013-08-05 23:01:32,512 - INFO - Clean shutdown complete.
2013-08-05 23:01:36,679 - DEBUG - reloading keys from keys.dat file
2013-08-05 23:01:36,680 - DEBUG - reloading subscriptions...
2013-08-05 23:01:37,829 - INFO - finished opening knownnodes.dat. Now pickle.dump
2013-08-05 23:01:37,874 - INFO - Completed pickle.dump. Closing output...
2013-08-05 23:01:37,875 - INFO - Finished closing knownnodes.dat output file.
2013-08-05 23:01:37,875 - INFO - Flushing inventory in memory out to disk...
2013-08-05 23:01:37,877 - INFO - Finished flushing inventory.
2013-08-05 23:01:38,128 - INFO - Clean shutdown complete.
2013-08-05 23:01:41,354 - DEBUG - reloading keys from keys.dat file
2013-08-05 23:01:41,354 - DEBUG - reloading subscriptions...
2013-08-05 23:01:42,789 - INFO - finished opening knownnodes.dat. Now pickle.dump
2013-08-05 23:01:42,799 - INFO - Completed pickle.dump. Closing output...
2013-08-05 23:01:42,799 - INFO - Finished closing knownnodes.dat output file.
2013-08-05 23:01:42,800 - INFO - Flushing inventory in memory out to disk...
2013-08-05 23:01:42,800 - INFO - Finished flushing inventory.
2013-08-05 23:01:43,051 - INFO - Clean shutdown complete.
2013-08-05 23:02:47,280 - DEBUG - reloading keys from keys.dat file
2013-08-05 23:02:47,281 - DEBUG - reloading subscriptions...
2013-08-05 23:02:48,372 - INFO - finished opening knownnodes.dat. Now pickle.dump
2013-08-05 23:02:48,400 - INFO - Completed pickle.dump. Closing output...
2013-08-05 23:02:48,400 - INFO - Finished closing knownnodes.dat output file.
2013-08-05 23:02:48,401 - INFO - Flushing inventory in memory out to disk...
2013-08-05 23:02:48,407 - INFO - Finished flushing inventory.
2013-08-05 23:02:48,658 - INFO - Clean shutdown complete.
2013-08-05 23:02:58,680 - DEBUG - reloading keys from keys.dat file
2013-08-05 23:02:58,680 - DEBUG - reloading subscriptions...
2013-08-05 23:02:59,877 - INFO - finished opening knownnodes.dat. Now pickle.dump
2013-08-05 23:02:59,896 - INFO - Completed pickle.dump. Closing output...
2013-08-05 23:02:59,896 - INFO - Finished closing knownnodes.dat output file.
2013-08-05 23:02:59,896 - INFO - Flushing inventory in memory out to disk...
2013-08-05 23:02:59,898 - INFO - Finished flushing inventory.
2013-08-05 23:03:00,149 - INFO - Clean shutdown complete.
2013-08-05 23:05:02,376 - DEBUG - reloading keys from keys.dat file
2013-08-05 23:05:02,376 - DEBUG - reloading subscriptions...
2013-08-05 23:05:05,132 - INFO - finished opening knownnodes.dat. Now pickle.dump
2013-08-05 23:05:05,141 - INFO - Completed pickle.dump. Closing output...
2013-08-05 23:05:05,141 - INFO - Finished closing knownnodes.dat output file.
2013-08-05 23:05:05,141 - INFO - Flushing inventory in memory out to disk...
2013-08-05 23:05:05,319 - INFO - Finished flushing inventory.
2013-08-05 23:05:05,570 - INFO - Clean shutdown complete.
2013-08-05 23:06:32,190 - DEBUG - reloading keys from keys.dat file
2013-08-05 23:06:32,191 - DEBUG - reloading subscriptions...
2013-08-05 23:07:00,782 - DEBUG - reloading keys from keys.dat file
2013-08-05 23:07:00,783 - DEBUG - reloading subscriptions...
2013-08-05 23:07:02,507 - INFO - finished opening knownnodes.dat. Now pickle.dump
2013-08-05 23:07:55,453 - DEBUG - reloading keys from keys.dat file
2013-08-05 23:07:55,453 - DEBUG - reloading subscriptions...
2013-08-05 23:07:57,315 - INFO - finished opening knownnodes.dat. Now pickle.dump
2013-08-05 23:08:39,490 - DEBUG - reloading keys from keys.dat file
2013-08-05 23:08:39,490 - DEBUG - reloading subscriptions...
2013-08-05 23:09:53,234 - INFO - finished opening knownnodes.dat. Now pickle.dump
2013-08-05 23:09:53,882 - DEBUG - reloading keys from keys.dat file
2013-08-05 23:09:53,882 - DEBUG - reloading subscriptions...
2013-08-05 23:10:31,406 - DEBUG - reloading keys from keys.dat file
2013-08-05 23:10:31,406 - DEBUG - reloading subscriptions...
2013-08-05 23:10:49,956 - DEBUG - reloading keys from keys.dat file
2013-08-05 23:10:49,957 - DEBUG - reloading subscriptions...
2013-08-05 23:17:07,474 - DEBUG - reloading keys from keys.dat file
2013-08-05 23:17:07,474 - DEBUG - reloading subscriptions...
2013-08-05 23:17:48,325 - DEBUG - reloading keys from keys.dat file
2013-08-05 23:17:48,326 - DEBUG - reloading subscriptions...
2013-08-05 23:18:56,189 - DEBUG - reloading keys from keys.dat file
2013-08-05 23:18:56,190 - DEBUG - reloading subscriptions...
2013-08-05 23:21:13,920 - DEBUG - reloading keys from keys.dat file
2013-08-05 23:21:13,920 - DEBUG - reloading subscriptions...
2013-08-05 23:22:54,535 - DEBUG - reloading keys from keys.dat file
2013-08-05 23:22:54,535 - DEBUG - reloading subscriptions...
2013-08-05 23:25:05,721 - DEBUG - reloading keys from keys.dat file
2013-08-05 23:25:05,722 - DEBUG - reloading subscriptions...
2013-08-05 23:25:48,270 - DEBUG - reloading keys from keys.dat file
2013-08-05 23:25:48,270 - DEBUG - reloading subscriptions...
2013-08-05 23:26:08,602 - DEBUG - reloading keys from keys.dat file
2013-08-05 23:26:08,603 - DEBUG - reloading subscriptions...
2013-08-05 23:27:01,667 - DEBUG - reloading keys from keys.dat file
2013-08-05 23:27:01,667 - DEBUG - reloading subscriptions...
2013-08-05 23:27:46,545 - DEBUG - reloading keys from keys.dat file
2013-08-05 23:27:46,545 - DEBUG - reloading subscriptions...
2013-08-05 23:29:53,339 - DEBUG - reloading keys from keys.dat file
2013-08-05 23:29:53,339 - DEBUG - reloading subscriptions...
2013-08-05 23:30:43,437 - DEBUG - reloading keys from keys.dat file
2013-08-05 23:30:43,437 - DEBUG - reloading subscriptions...
2013-08-05 23:35:38,860 - DEBUG - reloading keys from keys.dat file
2013-08-05 23:35:38,861 - DEBUG - reloading subscriptions...
2013-08-05 23:35:41,536 - INFO - finished opening knownnodes.dat. Now pickle.dump
2013-08-05 23:35:50,265 - DEBUG - reloading keys from keys.dat file
2013-08-05 23:35:50,266 - DEBUG - reloading subscriptions...
2013-08-05 23:36:26,347 - DEBUG - reloading keys from keys.dat file
2013-08-05 23:36:26,347 - DEBUG - reloading subscriptions...
2013-08-05 23:36:36,487 - INFO - finished opening knownnodes.dat. Now pickle.dump
2013-08-05 23:36:37,128 - DEBUG - reloading keys from keys.dat file
2013-08-05 23:36:37,128 - DEBUG - reloading subscriptions...
2013-08-05 23:37:20,956 - DEBUG - reloading keys from keys.dat file
2013-08-05 23:37:20,956 - DEBUG - reloading subscriptions...
2013-08-06 15:09:20,639 - DEBUG - reloading keys from keys.dat file
2013-08-06 15:09:20,639 - DEBUG - reloading subscriptions...
2013-08-06 15:09:56,427 - DEBUG - reloading keys from keys.dat file
2013-08-06 15:09:56,427 - DEBUG - reloading subscriptions...
2013-08-06 15:11:57,073 - DEBUG - reloading keys from keys.dat file
2013-08-06 15:11:57,073 - DEBUG - reloading subscriptions...
2013-08-06 15:15:18,438 - DEBUG - reloading keys from keys.dat file
2013-08-06 15:15:18,439 - DEBUG - reloading subscriptions...
2013-08-06 15:15:41,489 - DEBUG - reloading keys from keys.dat file
2013-08-06 15:15:41,490 - DEBUG - reloading subscriptions...
2013-08-06 15:17:45,487 - DEBUG - reloading keys from keys.dat file
2013-08-06 15:17:45,489 - DEBUG - reloading subscriptions...
2013-08-06 15:18:03,952 - DEBUG - reloading keys from keys.dat file
2013-08-06 15:18:03,953 - DEBUG - reloading subscriptions...
2013-08-06 15:19:41,071 - DEBUG - reloading keys from keys.dat file
2013-08-06 15:19:41,071 - DEBUG - reloading subscriptions...
2013-08-06 15:21:01,494 - DEBUG - reloading keys from keys.dat file
2013-08-06 15:21:01,494 - DEBUG - reloading subscriptions...
2013-08-06 15:23:22,518 - DEBUG - reloading keys from keys.dat file
2013-08-06 15:23:22,518 - DEBUG - reloading subscriptions...
2013-08-06 15:24:18,683 - DEBUG - reloading keys from keys.dat file
2013-08-06 15:24:18,684 - DEBUG - reloading subscriptions...
2013-08-06 15:25:14,288 - DEBUG - reloading keys from keys.dat file
2013-08-06 15:25:14,288 - DEBUG - reloading subscriptions...
2013-08-06 15:37:31,934 - DEBUG - reloading keys from keys.dat file
2013-08-06 15:37:31,934 - DEBUG - reloading subscriptions...
2013-08-06 15:38:01,576 - DEBUG - reloading keys from keys.dat file
2013-08-06 15:38:01,577 - DEBUG - reloading subscriptions...
2013-08-06 15:38:42,199 - DEBUG - reloading keys from keys.dat file
2013-08-06 15:38:42,201 - DEBUG - reloading subscriptions...
2013-08-06 16:54:15,992 - DEBUG - reloading keys from keys.dat file
2013-08-06 16:54:15,992 - DEBUG - reloading subscriptions...
2013-08-06 16:55:06,201 - DEBUG - reloading keys from keys.dat file
2013-08-06 16:55:06,201 - DEBUG - reloading subscriptions...
2013-08-06 16:55:26,489 - DEBUG - reloading keys from keys.dat file
2013-08-06 16:55:26,489 - DEBUG - reloading subscriptions...
2013-08-06 16:55:51,729 - DEBUG - reloading keys from keys.dat file
2013-08-06 16:55:51,730 - DEBUG - reloading subscriptions...
2013-08-06 16:57:00,219 - DEBUG - reloading keys from keys.dat file
2013-08-06 16:57:00,220 - DEBUG - reloading subscriptions...
2013-08-06 16:57:16,124 - DEBUG - reloading keys from keys.dat file
2013-08-06 16:57:16,124 - DEBUG - reloading subscriptions...
2013-08-06 16:57:32,054 - DEBUG - reloading keys from keys.dat file
2013-08-06 16:57:32,054 - DEBUG - reloading subscriptions...
2013-08-06 16:57:47,081 - DEBUG - reloading keys from keys.dat file
2013-08-06 16:57:47,081 - DEBUG - reloading subscriptions...
2013-08-06 16:58:12,712 - DEBUG - reloading keys from keys.dat file
2013-08-06 16:58:12,712 - DEBUG - reloading subscriptions...
2013-08-06 16:58:38,424 - DEBUG - reloading keys from keys.dat file
2013-08-06 16:58:38,424 - DEBUG - reloading subscriptions...
2013-08-06 16:59:01,690 - DEBUG - reloading keys from keys.dat file
2013-08-06 16:59:01,690 - DEBUG - reloading subscriptions...
2013-08-07 21:50:59,904 - DEBUG - reloading keys from keys.dat file
2013-08-07 21:50:59,921 - DEBUG - reloading subscriptions...
2013-08-07 21:55:02,530 - DEBUG - reloading keys from keys.dat file
2013-08-07 21:55:02,530 - DEBUG - reloading subscriptions...
2013-08-07 21:57:15,897 - DEBUG - reloading keys from keys.dat file
2013-08-07 21:57:15,898 - DEBUG - reloading subscriptions...
2013-08-07 21:57:35,684 - DEBUG - reloading keys from keys.dat file
2013-08-07 21:57:35,684 - DEBUG - reloading subscriptions...
2013-08-07 21:59:02,276 - DEBUG - reloading keys from keys.dat file
2013-08-07 21:59:02,276 - DEBUG - reloading subscriptions...
2013-08-07 21:59:34,731 - DEBUG - reloading keys from keys.dat file
2013-08-07 21:59:34,732 - DEBUG - reloading subscriptions...
2013-08-07 22:00:04,061 - DEBUG - reloading keys from keys.dat file
2013-08-07 22:00:04,061 - DEBUG - reloading subscriptions...
2013-08-07 22:02:02,771 - DEBUG - reloading keys from keys.dat file
2013-08-07 22:02:02,771 - DEBUG - reloading subscriptions...
2013-08-07 22:02:37,312 - DEBUG - reloading keys from keys.dat file
2013-08-07 22:02:37,312 - DEBUG - reloading subscriptions...
2013-08-07 22:03:25,421 - DEBUG - reloading keys from keys.dat file
2013-08-07 22:03:25,421 - DEBUG - reloading subscriptions...
2013-08-07 22:05:39,835 - DEBUG - reloading keys from keys.dat file
2013-08-07 22:05:39,835 - DEBUG - reloading subscriptions...
2013-08-07 22:05:44,601 - INFO - finished opening knownnodes.dat. Now pickle.dump
2013-08-07 22:09:52,589 - DEBUG - reloading keys from keys.dat file
2013-08-07 22:09:52,589 - DEBUG - reloading subscriptions...
2013-08-07 22:10:05,551 - INFO - finished opening knownnodes.dat. Now pickle.dump
2013-08-07 22:11:14,741 - DEBUG - reloading keys from keys.dat file
2013-08-07 22:11:14,741 - DEBUG - reloading subscriptions...
2013-08-07 22:11:27,215 - INFO - finished opening knownnodes.dat. Now pickle.dump
2013-08-08 22:07:45,478 - DEBUG - reloading keys from keys.dat file
2013-08-08 22:07:45,479 - DEBUG - reloading subscriptions...
2013-08-08 22:07:56,719 - INFO - finished opening knownnodes.dat. Now pickle.dump
2013-08-08 22:08:26,295 - DEBUG - reloading keys from keys.dat file
2013-08-08 22:08:26,296 - DEBUG - reloading subscriptions...
2013-08-08 22:12:02,080 - DEBUG - reloading keys from keys.dat file
2013-08-08 22:12:02,080 - DEBUG - reloading subscriptions...
2013-08-08 22:13:17,802 - DEBUG - reloading keys from keys.dat file
2013-08-08 22:13:17,804 - DEBUG - reloading subscriptions...
2013-08-08 22:21:11,548 - DEBUG - reloading keys from keys.dat file
2013-08-08 22:21:11,548 - DEBUG - reloading subscriptions...
2013-08-08 22:21:25,377 - INFO - finished opening knownnodes.dat. Now pickle.dump
2013-08-08 22:21:25,897 - DEBUG - reloading keys from keys.dat file
2013-08-08 22:21:25,897 - DEBUG - reloading subscriptions...
2013-08-08 22:21:45,778 - DEBUG - reloading keys from keys.dat file
2013-08-08 22:21:45,778 - DEBUG - reloading subscriptions...
2013-08-08 22:22:04,436 - DEBUG - reloading keys from keys.dat file
2013-08-08 22:22:04,437 - DEBUG - reloading subscriptions...
2013-08-08 22:23:24,836 - DEBUG - reloading keys from keys.dat file
2013-08-08 22:23:24,836 - DEBUG - reloading subscriptions...
2013-08-08 22:24:19,671 - DEBUG - reloading keys from keys.dat file
2013-08-08 22:24:19,671 - DEBUG - reloading subscriptions...
2013-08-08 22:24:37,987 - DEBUG - reloading keys from keys.dat file
2013-08-08 22:24:37,987 - DEBUG - reloading subscriptions...
2013-08-08 22:26:26,277 - DEBUG - reloading keys from keys.dat file
2013-08-08 22:26:26,277 - DEBUG - reloading subscriptions...
2013-08-08 23:30:42,711 - DEBUG - reloading keys from keys.dat file
2013-08-08 23:30:42,712 - DEBUG - reloading subscriptions...
2013-08-08 23:31:16,947 - DEBUG - reloading keys from keys.dat file
2013-08-08 23:31:16,947 - DEBUG - reloading subscriptions...
2013-08-08 23:32:12,290 - DEBUG - reloading keys from keys.dat file
2013-08-08 23:32:12,290 - DEBUG - reloading subscriptions...
2013-08-08 23:32:41,805 - DEBUG - reloading keys from keys.dat file
2013-08-08 23:32:41,806 - DEBUG - reloading subscriptions...
2013-08-08 23:33:19,156 - DEBUG - reloading keys from keys.dat file
2013-08-08 23:33:19,156 - DEBUG - reloading subscriptions...
2013-08-08 23:44:52,593 - DEBUG - reloading keys from keys.dat file
2013-08-08 23:44:52,593 - DEBUG - reloading subscriptions...
2013-08-08 23:45:24,424 - DEBUG - reloading keys from keys.dat file
2013-08-08 23:45:24,424 - DEBUG - reloading subscriptions...
2013-08-08 23:45:59,140 - INFO - finished opening knownnodes.dat. Now pickle.dump
2013-08-08 23:45:59,896 - DEBUG - reloading keys from keys.dat file
2013-08-08 23:45:59,897 - DEBUG - reloading subscriptions...
2013-08-08 23:48:25,697 - DEBUG - reloading keys from keys.dat file
2013-08-08 23:48:25,698 - DEBUG - reloading subscriptions...
2013-08-08 23:48:40,943 - DEBUG - reloading keys from keys.dat file
2013-08-08 23:48:40,943 - DEBUG - reloading subscriptions...
2013-08-09 00:03:13,781 - DEBUG - reloading keys from keys.dat file
2013-08-09 00:03:13,782 - DEBUG - reloading subscriptions...
2013-08-09 00:04:03,570 - DEBUG - reloading keys from keys.dat file
2013-08-09 00:04:03,571 - DEBUG - reloading subscriptions...
2013-08-09 00:05:15,877 - DEBUG - reloading keys from keys.dat file
2013-08-09 00:05:15,878 - DEBUG - reloading subscriptions...
2013-08-09 00:05:47,176 - DEBUG - reloading keys from keys.dat file
2013-08-09 00:05:47,178 - DEBUG - reloading subscriptions...
2013-08-09 00:08:27,845 - DEBUG - reloading keys from keys.dat file
2013-08-09 00:08:27,845 - DEBUG - reloading subscriptions...
2013-08-09 00:09:18,265 - DEBUG - reloading keys from keys.dat file
2013-08-09 00:09:18,266 - DEBUG - reloading subscriptions...
2013-08-09 00:10:27,473 - DEBUG - reloading keys from keys.dat file
2013-08-09 00:10:27,473 - DEBUG - reloading subscriptions...
2013-08-09 00:10:38,507 - INFO - finished opening knownnodes.dat. Now pickle.dump
2013-08-09 00:10:39,275 - DEBUG - reloading keys from keys.dat file
2013-08-09 00:10:39,275 - DEBUG - reloading subscriptions...
2013-08-09 00:11:15,016 - DEBUG - reloading keys from keys.dat file
2013-08-09 00:11:15,016 - DEBUG - reloading subscriptions...
2013-08-09 00:11:21,115 - INFO - finished opening knownnodes.dat. Now pickle.dump
2013-08-09 00:11:43,039 - DEBUG - reloading keys from keys.dat file
2013-08-09 00:11:43,040 - DEBUG - reloading subscriptions...
2013-08-09 00:11:55,346 - INFO - finished opening knownnodes.dat. Now pickle.dump
2013-08-09 00:12:06,548 - DEBUG - reloading keys from keys.dat file
2013-08-09 00:12:06,549 - DEBUG - reloading subscriptions...
2013-08-09 00:16:16,228 - DEBUG - reloading keys from keys.dat file
2013-08-09 00:16:16,229 - DEBUG - reloading subscriptions...
2013-08-09 00:16:27,001 - INFO - finished opening knownnodes.dat. Now pickle.dump
2013-08-09 00:16:42,844 - DEBUG - reloading keys from keys.dat file
2013-08-09 00:16:42,844 - DEBUG - reloading subscriptions...
2013-08-09 00:17:21,096 - DEBUG - reloading keys from keys.dat file
2013-08-09 00:17:21,097 - DEBUG - reloading subscriptions...
2013-08-09 00:18:40,333 - DEBUG - reloading keys from keys.dat file
2013-08-09 00:18:40,333 - DEBUG - reloading subscriptions...
2013-08-09 00:20:33,162 - DEBUG - reloading keys from keys.dat file
2013-08-09 00:20:33,162 - DEBUG - reloading subscriptions...
2013-08-09 00:52:46,393 - DEBUG - reloading keys from keys.dat file
2013-08-09 00:52:46,393 - DEBUG - reloading subscriptions...
2013-08-09 01:08:23,325 - DEBUG - reloading keys from keys.dat file
2013-08-09 01:08:23,325 - DEBUG - reloading subscriptions...
2013-08-09 01:09:01,639 - DEBUG - reloading keys from keys.dat file
2013-08-09 01:09:01,639 - DEBUG - reloading subscriptions...
2013-08-09 01:15:32,825 - DEBUG - reloading keys from keys.dat file
2013-08-09 01:15:32,825 - DEBUG - reloading subscriptions...
2013-08-09 01:16:58,179 - DEBUG - reloading keys from keys.dat file
2013-08-09 01:16:58,179 - DEBUG - reloading subscriptions...
2013-08-09 01:17:54,690 - DEBUG - reloading keys from keys.dat file
2013-08-09 01:17:54,691 - DEBUG - reloading subscriptions...
2013-08-09 01:19:05,662 - DEBUG - reloading keys from keys.dat file
2013-08-09 01:19:05,662 - DEBUG - reloading subscriptions...
2013-08-09 01:30:30,327 - DEBUG - reloading keys from keys.dat file
2013-08-09 01:30:30,327 - DEBUG - reloading subscriptions...
2013-08-09 01:31:26,449 - DEBUG - reloading keys from keys.dat file
2013-08-09 01:31:26,450 - DEBUG - reloading subscriptions...
2013-08-09 01:32:42,485 - DEBUG - reloading keys from keys.dat file
2013-08-09 01:32:42,485 - DEBUG - reloading subscriptions...
2013-08-09 01:33:26,918 - DEBUG - reloading keys from keys.dat file
2013-08-09 01:33:26,918 - DEBUG - reloading subscriptions...
2013-08-09 01:34:48,077 - DEBUG - reloading keys from keys.dat file
2013-08-09 01:34:48,078 - DEBUG - reloading subscriptions...
2013-08-09 17:28:59,536 - DEBUG - reloading keys from keys.dat file
2013-08-09 17:28:59,537 - DEBUG - reloading subscriptions...
2013-08-09 17:57:56,809 - DEBUG - reloading keys from keys.dat file
2013-08-09 17:57:56,810 - DEBUG - reloading subscriptions...
2013-08-09 18:04:18,314 - DEBUG - reloading keys from keys.dat file
2013-08-09 18:04:18,314 - DEBUG - reloading subscriptions...
2013-08-09 18:11:43,335 - DEBUG - reloading keys from keys.dat file
2013-08-09 18:11:43,336 - DEBUG - reloading subscriptions...
2013-08-09 18:17:39,495 - DEBUG - reloading keys from keys.dat file
2013-08-09 18:17:39,496 - DEBUG - reloading subscriptions...
2013-08-09 18:31:12,998 - DEBUG - reloading keys from keys.dat file
2013-08-09 18:31:12,999 - DEBUG - reloading subscriptions...
2013-08-09 18:31:55,659 - DEBUG - reloading keys from keys.dat file
2013-08-09 18:31:55,659 - DEBUG - reloading subscriptions...
2013-08-09 18:32:49,765 - DEBUG - reloading keys from keys.dat file
2013-08-09 18:32:49,766 - DEBUG - reloading subscriptions...
2013-08-09 18:33:18,573 - DEBUG - reloading keys from keys.dat file
2013-08-09 18:33:18,573 - DEBUG - reloading subscriptions...
2013-08-09 18:33:39,469 - DEBUG - reloading keys from keys.dat file
2013-08-09 18:33:39,470 - DEBUG - reloading subscriptions...
2013-08-09 18:33:49,434 - DEBUG - reloading keys from keys.dat file
2013-08-09 18:33:49,435 - DEBUG - reloading subscriptions...
2013-08-09 18:34:25,299 - DEBUG - reloading keys from keys.dat file
2013-08-09 18:34:25,299 - DEBUG - reloading subscriptions...
2013-08-09 18:34:29,938 - INFO - finished opening knownnodes.dat. Now pickle.dump
2013-08-09 18:37:47,401 - DEBUG - reloading keys from keys.dat file
2013-08-09 18:37:47,401 - DEBUG - reloading subscriptions...
2013-08-09 18:37:51,578 - DEBUG - reloading keys from keys.dat file
2013-08-09 18:37:55,837 - DEBUG - reloading keys from keys.dat file
2013-08-09 18:39:40,969 - INFO - finished opening knownnodes.dat. Now pickle.dump
2013-08-09 18:39:40,969 - INFO - finished opening knownnodes.dat. Now pickle.dump
2013-08-09 18:39:40,970 - INFO - finished opening knownnodes.dat. Now pickle.dump
2013-08-09 18:39:40,969 - INFO - finished opening knownnodes.dat. Now pickle.dump
2013-08-09 18:39:41,057 - INFO - Completed pickle.dump. Closing output...
2013-08-09 18:39:41,058 - INFO - Finished closing knownnodes.dat output file.
2013-08-09 18:39:41,058 - INFO - Flushing inventory in memory out to disk...
2013-08-09 18:39:41,061 - INFO - Completed pickle.dump. Closing output...
2013-08-09 18:39:41,061 - INFO - Finished closing knownnodes.dat output file.
2013-08-09 18:39:41,062 - INFO - Completed pickle.dump. Closing output...
2013-08-09 18:39:41,062 - INFO - Flushing inventory in memory out to disk...
2013-08-09 18:39:41,062 - INFO - Finished closing knownnodes.dat output file.
2013-08-09 18:39:41,062 - INFO - Flushing inventory in memory out to disk...
2013-08-09 18:39:41,065 - INFO - Completed pickle.dump. Closing output...
2013-08-09 18:39:41,065 - INFO - Finished closing knownnodes.dat output file.
2013-08-09 18:39:41,065 - INFO - Flushing inventory in memory out to disk...
2013-08-09 19:14:09,163 - DEBUG - reloading keys from keys.dat file
2013-08-09 19:14:09,163 - DEBUG - reloading subscriptions...
2013-08-09 19:15:23,133 - DEBUG - reloading keys from keys.dat file
2013-08-09 19:15:23,133 - DEBUG - reloading subscriptions...
2013-08-09 19:15:48,903 - DEBUG - reloading keys from keys.dat file
2013-08-09 19:15:48,903 - DEBUG - reloading subscriptions...
2013-08-09 19:16:08,218 - DEBUG - reloading keys from keys.dat file
2013-08-09 19:16:08,218 - DEBUG - reloading subscriptions...
2013-08-09 19:16:33,745 - DEBUG - reloading keys from keys.dat file
2013-08-09 19:16:33,745 - DEBUG - reloading subscriptions...
2013-08-09 20:05:36,954 - DEBUG - reloading keys from keys.dat file
2013-08-09 20:05:36,954 - DEBUG - reloading subscriptions...
2013-08-09 20:05:42,088 - DEBUG - reloading keys from keys.dat file
2013-08-09 20:05:42,089 - DEBUG - reloading subscriptions...
2013-08-09 20:08:54,749 - DEBUG - reloading keys from keys.dat file
2013-08-09 20:08:54,749 - DEBUG - reloading subscriptions...
2013-08-09 20:34:53,509 - DEBUG - reloading keys from keys.dat file
2013-08-09 20:34:53,510 - DEBUG - reloading subscriptions...
2013-08-09 20:35:20,711 - DEBUG - reloading keys from keys.dat file
2013-08-09 20:35:20,711 - DEBUG - reloading subscriptions...
2013-08-09 20:36:29,668 - DEBUG - reloading keys from keys.dat file
2013-08-09 20:36:29,668 - DEBUG - reloading subscriptions...
2013-08-09 20:36:49,996 - DEBUG - reloading keys from keys.dat file
2013-08-09 20:36:49,996 - DEBUG - reloading subscriptions...
2013-08-09 20:41:17,012 - DEBUG - reloading keys from keys.dat file
2013-08-09 20:41:17,012 - DEBUG - reloading subscriptions...
2013-08-09 20:41:48,547 - DEBUG - reloading keys from keys.dat file
2013-08-09 20:41:48,547 - DEBUG - reloading subscriptions...
2013-08-09 20:41:53,007 - INFO - finished opening knownnodes.dat. Now pickle.dump
2013-08-09 21:17:19,034 - DEBUG - reloading keys from keys.dat file
2013-08-09 21:17:19,034 - DEBUG - reloading subscriptions...
2013-08-09 21:17:44,243 - DEBUG - reloading keys from keys.dat file
2013-08-09 21:17:44,243 - DEBUG - reloading subscriptions...
2013-08-09 21:18:34,177 - DEBUG - reloading keys from keys.dat file
2013-08-09 21:18:34,177 - DEBUG - reloading subscriptions...
2013-08-09 21:19:57,648 - DEBUG - reloading keys from keys.dat file
2013-08-09 21:19:57,649 - DEBUG - reloading subscriptions...
2013-08-09 21:21:14,267 - DEBUG - reloading keys from keys.dat file
2013-08-09 21:21:14,267 - DEBUG - reloading subscriptions...
2013-08-09 21:22:10,317 - DEBUG - reloading keys from keys.dat file
2013-08-09 21:22:10,317 - DEBUG - reloading subscriptions...
2013-08-09 21:23:35,760 - DEBUG - reloading keys from keys.dat file
2013-08-09 21:23:35,760 - DEBUG - reloading subscriptions...
2013-08-09 21:24:57,537 - DEBUG - reloading keys from keys.dat file
2013-08-09 21:24:57,538 - DEBUG - reloading subscriptions...
2013-08-09 21:25:05,188 - DEBUG - reloading keys from keys.dat file
2013-08-09 21:25:05,188 - DEBUG - reloading subscriptions...
2013-08-09 21:27:53,262 - DEBUG - reloading keys from keys.dat file
2013-08-09 21:27:53,262 - DEBUG - reloading subscriptions...
2013-08-09 21:30:24,688 - DEBUG - reloading keys from keys.dat file
2013-08-09 21:30:24,688 - DEBUG - reloading subscriptions...
2013-08-09 21:31:16,260 - DEBUG - reloading keys from keys.dat file
2013-08-09 21:31:16,261 - DEBUG - reloading subscriptions...
2013-08-09 21:32:35,456 - DEBUG - reloading keys from keys.dat file
2013-08-09 21:32:35,456 - DEBUG - reloading subscriptions...
2013-08-09 21:34:59,239 - DEBUG - reloading keys from keys.dat file
2013-08-09 21:34:59,239 - DEBUG - reloading subscriptions...
2013-08-09 21:36:11,776 - DEBUG - reloading keys from keys.dat file
2013-08-09 21:36:11,777 - DEBUG - reloading subscriptions...
2013-08-09 21:39:26,968 - DEBUG - reloading keys from keys.dat file
2013-08-09 21:39:26,968 - DEBUG - reloading subscriptions...
2013-08-09 21:52:40,132 - DEBUG - reloading keys from keys.dat file
2013-08-09 21:52:40,132 - DEBUG - reloading subscriptions...
2013-08-09 23:16:02,571 - DEBUG - reloading keys from keys.dat file
2013-08-09 23:16:02,571 - DEBUG - reloading subscriptions...
2013-08-09 23:27:52,913 - DEBUG - reloading keys from keys.dat file
2013-08-09 23:27:52,913 - DEBUG - reloading subscriptions...
2013-08-09 23:28:08,268 - INFO - finished opening knownnodes.dat. Now pickle.dump
